<?xml version="1.0" encoding="UTF-8"?>
<testsuite xmlns:xsi="http://www.w3.org/2001/XMLSchema-instance" xsi:noNamespaceSchemaLocation="https://maven.apache.org/surefire/maven-surefire-plugin/xsd/surefire-test-report.xsd" name="org.springframework.cloud.gcp.data.datastore.core.mapping.DatastorePersistentEntityImplTests" time="0.415" tests="9" errors="0" skipped="0" failures="0">
  <properties>
[...]
</properties>
  <testcase name="testRawTableName" classname="org.springframework.cloud.gcp.data.datastore.core.mapping.DatastorePersistentEntityImplTests" time="0"/>
  <testcase name="testTableName" classname="org.springframework.cloud.gcp.data.datastore.core.mapping.DatastorePersistentEntityImplTests" time="0"/>
  <testcase name="testEmptyCustomTableName" classname="org.springframework.cloud.gcp.data.datastore.core.mapping.DatastorePersistentEntityImplTests" time="0"/>
  <testcase name="testIgnoredProperty" classname="org.springframework.cloud.gcp.data.datastore.core.mapping.DatastorePersistentEntityImplTests" time="0"/>
  <testcase name="testExpressionResolutionWithoutApplicationContext" classname="org.springframework.cloud.gcp.data.datastore.core.mapping.DatastorePersistentEntityImplTests" time="0.02"/>
  <testcase name="testGetIdPropertyOrFail" classname="org.springframework.cloud.gcp.data.datastore.core.mapping.DatastorePersistentEntityImplTests" time="0.003"/>
  <testcase name="testHasNoIdProperty" classname="org.springframework.cloud.gcp.data.datastore.core.mapping.DatastorePersistentEntityImplTests" time="0"/>
  <testcase name="testExpressionResolutionFromApplicationContext" classname="org.springframework.cloud.gcp.data.datastore.core.mapping.DatastorePersistentEntityImplTests" time="0.389"/>
  <testcase name="testHasIdProperty" classname="org.springframework.cloud.gcp.data.datastore.core.mapping.DatastorePersistentEntityImplTests" time="0.002"/>
</testsuite>